<?xml version="1.0" encoding="UTF-8"?>
<testng-results ignored="0" total="1" passed="0" failed="0" skipped="1">
  <reporter-output>
  </reporter-output>
  <suite started-at="2024-04-30T16:22:36 IST" name="Default suite" finished-at="2024-04-30T16:22:36 IST" duration-ms="64">
    <groups>
    </groups>
    <test started-at="2024-04-30T16:22:36 IST" name="Default test" finished-at="2024-04-30T16:22:36 IST" duration-ms="64">
      <class name="Testcases.VerifyTitleofHomepage">
        <test-method is-config="true" signature="bsconfig()[pri:0, instance:Testcases.VerifyTitleofHomepage@9f116cc]" started-at="2024-04-30T16:22:36 IST" name="bsconfig" finished-at="2024-04-30T16:22:36 IST" duration-ms="8" status="PASS">
          <reporter-output>
          </reporter-output>
        </test-method> <!-- bsconfig -->
        <test-method is-config="true" signature="bcconfig()[pri:0, instance:Testcases.VerifyTitleofHomepage@9f116cc]" started-at="2024-04-30T16:22:36 IST" name="bcconfig" finished-at="2024-04-30T16:22:36 IST" duration-ms="0" status="FAIL">
          <exception class="java.io.FileNotFoundException">
            <full-stacktrace>
              <![CDATA[java.io.FileNotFoundException: 
at java.base/java.io.FileInputStream.open0(Native Method)
at java.base/java.io.FileInputStream.open(FileInputStream.java:213)
at java.base/java.io.FileInputStream.<init>(FileInputStream.java:152)
at java.base/java.io.FileInputStream.<init>(FileInputStream.java:106)
at com.vtiger.genericutility.PropertyFileUtility.readDataFromPropertyfile(PropertyFileUtility.java:9)
at com.vtiger.genericutility.BaseClasses.bcconfig(BaseClasses.java:34)
at java.base/jdk.internal.reflect.DirectMethodHandleAccessor.invoke(DirectMethodHandleAccessor.java:103)
at java.base/java.lang.reflect.Method.invoke(Method.java:580)
at org.testng.internal.MethodInvocationHelper.invokeMethod(MethodInvocationHelper.java:133)
at org.testng.internal.MethodInvocationHelper.invokeMethodConsideringTimeout(MethodInvocationHelper.java:62)
at org.testng.internal.ConfigInvoker.invokeConfigurationMethod(ConfigInvoker.java:385)
at org.testng.internal.ConfigInvoker.invokeConfigurations(ConfigInvoker.java:321)
at org.testng.internal.TestMethodWorker.invokeBeforeClassMethods(TestMethodWorker.java:176)
at org.testng.internal.TestMethodWorker.run(TestMethodWorker.java:122)
at java.base/java.util.ArrayList.forEach(ArrayList.java:1596)
at org.testng.TestRunner.privateRun(TestRunner.java:794)
at org.testng.TestRunner.run(TestRunner.java:596)
at org.testng.SuiteRunner.runTest(SuiteRunner.java:377)
at org.testng.SuiteRunner.runSequentially(SuiteRunner.java:371)
at org.testng.SuiteRunner.privateRun(SuiteRunner.java:332)
at org.testng.SuiteRunner.run(SuiteRunner.java:276)
at org.testng.SuiteRunnerWorker.runSuite(SuiteRunnerWorker.java:53)
at org.testng.SuiteRunnerWorker.run(SuiteRunnerWorker.java:96)
at org.testng.TestNG.runSuitesSequentially(TestNG.java:1212)
at org.testng.TestNG.runSuitesLocally(TestNG.java:1134)
at org.testng.TestNG.runSuites(TestNG.java:1063)
at org.testng.TestNG.run(TestNG.java:1031)
at org.testng.remote.AbstractRemoteTestNG.run(AbstractRemoteTestNG.java:115)
at org.testng.remote.RemoteTestNG.initAndRun(RemoteTestNG.java:293)
at org.testng.remote.RemoteTestNG.main(RemoteTestNG.java:91)
]]>
            </full-stacktrace>
          </exception> <!-- java.io.FileNotFoundException -->
          <reporter-output>
          </reporter-output>
        </test-method> <!-- bcconfig -->
        <test-method is-config="true" signature="bmconfig()[pri:0, instance:Testcases.VerifyTitleofHomepage@9f116cc]" started-at="2024-04-30T16:22:36 IST" name="bmconfig" finished-at="1970-01-01T05:30:00 IST" duration-ms="-1714474356775" status="SKIP">
          <reporter-output>
          </reporter-output>
        </test-method> <!-- bmconfig -->
        <test-method signature="TC()[pri:0, instance:Testcases.VerifyTitleofHomepage@9f116cc]" started-at="2024-04-30T16:22:36 IST" name="TC" finished-at="2024-04-30T16:22:36 IST" duration-ms="0" status="SKIP">
          <exception class="java.io.FileNotFoundException">
            <full-stacktrace>
              <![CDATA[java.io.FileNotFoundException: 
at java.base/java.io.FileInputStream.open0(Native Method)
at java.base/java.io.FileInputStream.open(FileInputStream.java:213)
at java.base/java.io.FileInputStream.<init>(FileInputStream.java:152)
at java.base/java.io.FileInputStream.<init>(FileInputStream.java:106)
at com.vtiger.genericutility.PropertyFileUtility.readDataFromPropertyfile(PropertyFileUtility.java:9)
at com.vtiger.genericutility.BaseClasses.bcconfig(BaseClasses.java:34)
at java.base/jdk.internal.reflect.DirectMethodHandleAccessor.invoke(DirectMethodHandleAccessor.java:103)
at java.base/java.lang.reflect.Method.invoke(Method.java:580)
at org.testng.internal.MethodInvocationHelper.invokeMethod(MethodInvocationHelper.java:133)
at org.testng.internal.MethodInvocationHelper.invokeMethodConsideringTimeout(MethodInvocationHelper.java:62)
at org.testng.internal.ConfigInvoker.invokeConfigurationMethod(ConfigInvoker.java:385)
at org.testng.internal.ConfigInvoker.invokeConfigurations(ConfigInvoker.java:321)
at org.testng.internal.TestMethodWorker.invokeBeforeClassMethods(TestMethodWorker.java:176)
at org.testng.internal.TestMethodWorker.run(TestMethodWorker.java:122)
at java.base/java.util.ArrayList.forEach(ArrayList.java:1596)
at org.testng.TestRunner.privateRun(TestRunner.java:794)
at org.testng.TestRunner.run(TestRunner.java:596)
at org.testng.SuiteRunner.runTest(SuiteRunner.java:377)
at org.testng.SuiteRunner.runSequentially(SuiteRunner.java:371)
at org.testng.SuiteRunner.privateRun(SuiteRunner.java:332)
at org.testng.SuiteRunner.run(SuiteRunner.java:276)
at org.testng.SuiteRunnerWorker.runSuite(SuiteRunnerWorker.java:53)
at org.testng.SuiteRunnerWorker.run(SuiteRunnerWorker.java:96)
at org.testng.TestNG.runSuitesSequentially(TestNG.java:1212)
at org.testng.TestNG.runSuitesLocally(TestNG.java:1134)
at org.testng.TestNG.runSuites(TestNG.java:1063)
at org.testng.TestNG.run(TestNG.java:1031)
at org.testng.remote.AbstractRemoteTestNG.run(AbstractRemoteTestNG.java:115)
at org.testng.remote.RemoteTestNG.initAndRun(RemoteTestNG.java:293)
at org.testng.remote.RemoteTestNG.main(RemoteTestNG.java:91)
]]>
            </full-stacktrace>
          </exception> <!-- java.io.FileNotFoundException -->
          <reporter-output>
          </reporter-output>
        </test-method> <!-- TC -->
        <test-method is-config="true" signature="amconfig()[pri:0, instance:Testcases.VerifyTitleofHomepage@9f116cc]" started-at="2024-04-30T16:22:36 IST" name="amconfig" finished-at="1970-01-01T05:30:00 IST" duration-ms="-1714474356785" status="SKIP">
          <reporter-output>
          </reporter-output>
        </test-method> <!-- amconfig -->
        <test-method is-config="true" signature="terDown()[pri:0, instance:Testcases.VerifyTitleofHomepage@9f116cc]" started-at="2024-04-30T16:22:36 IST" name="terDown" finished-at="1970-01-01T05:30:00 IST" duration-ms="-1714474356788" status="SKIP">
          <reporter-output>
          </reporter-output>
        </test-method> <!-- terDown -->
        <test-method is-config="true" signature="asconfig()[pri:0, instance:Testcases.VerifyTitleofHomepage@9f116cc]" started-at="2024-04-30T16:22:36 IST" name="asconfig" finished-at="2024-04-30T16:22:36 IST" duration-ms="0" status="PASS">
          <reporter-output>
          </reporter-output>
        </test-method> <!-- asconfig -->
      </class> <!-- Testcases.VerifyTitleofHomepage -->
    </test> <!-- Default test -->
  </suite> <!-- Default suite -->
</testng-results>
